<?xml version="1.0" encoding="UTF-8"?>
<!-- Generated by org.testng.reporters.JUnitReportReporter -->
<testsuite hostname="SHREE" failures="0" tests="1" name="com.test.UserRegistrationDetailsTest" time="59.260" errors="0" timestamp="2024-09-04T19:47:57 IST" skipped="0">
  <testcase classname="com.test.UserRegistrationDetailsTest" name="testUserRegistrationDetailsTest" time="59.260"/>
  <system-out/>
</testsuite> <!-- com.test.UserRegistrationDetailsTest -->
