<?xml version="1.0" encoding="UTF-8"?>
<!-- Generated by org.testng.reporters.JUnitReportReporter -->
<testsuite hostname="SHREE" failures="0" tests="1" name="com.test.UserRegistrationDetailsTest_Data" time="28.551" errors="0" timestamp="2024-09-04T19:58:23 IST" skipped="0">
  <testcase classname="com.test.UserRegistrationDetailsTest_Data" name="testUserRegistrationDetailsTest_data" time="28.551"/>
  <system-out/>
</testsuite> <!-- com.test.UserRegistrationDetailsTest_Data -->
